<?xml version="1.0" encoding="UTF-8"?>
<testng-results skipped="0" failed="0" ignored="0" total="1" passed="1">
  <reporter-output>
  </reporter-output>
  <suite name="Default suite" duration-ms="38270" started-at="2017-06-27T07:39:27Z" finished-at="2017-06-27T07:40:05Z">
    <groups>
    </groups>
    <test name="Default test" duration-ms="38270" started-at="2017-06-27T07:39:27Z" finished-at="2017-06-27T07:40:05Z">
      <class name="TestCases.TC_001_CheckItenerary">
        <test-method status="PASS" signature="BaseclassDriver(java.lang.String)[pri:0, instance:TestCases.TC_001_CheckItenerary@5e3a8624]" name="BaseclassDriver" is-config="true" duration-ms="12220" started-at="2017-06-27T03:39:27Z" finished-at="2017-06-27T03:39:39Z">
          <params>
            <param index="0">
              <value>
                <![CDATA[Chrome]]>
              </value>
            </param>
          </params>
          <reporter-output>
          </reporter-output>
        </test-method> <!-- BaseclassDriver -->
        <test-method status="PASS" signature="TestIteration_001()[pri:0, instance:TestCases.TC_001_CheckItenerary@5e3a8624]" name="TestIteration_001" duration-ms="25012" started-at="2017-06-27T03:39:39Z" finished-at="2017-06-27T03:40:04Z">
          <reporter-output>
          </reporter-output>
        </test-method> <!-- TestIteration_001 -->
        <test-method status="PASS" signature="closeAUT()[pri:0, instance:TestCases.TC_001_CheckItenerary@5e3a8624]" name="closeAUT" is-config="true" duration-ms="990" started-at="2017-06-27T03:40:04Z" finished-at="2017-06-27T03:40:05Z">
          <reporter-output>
          </reporter-output>
        </test-method> <!-- closeAUT -->
      </class> <!-- TestCases.TC_001_CheckItenerary -->
    </test> <!-- Default test -->
  </suite> <!-- Default suite -->
</testng-results>
